{"numTotalTestSuites":22,"numPassedTestSuites":22,"numFailedTestSuites":0,"numPendingTestSuites":0,"numTotalTests":71,"numPassedTests":71,"numFailedTests":0,"numPendingTests":0,"numTodoTests":0,"snapshot":{"added":0,"failure":false,"filesAdded":0,"filesRemoved":0,"filesRemovedList":[],"filesUnmatched":0,"filesUpdated":0,"matched":0,"total":0,"unchecked":0,"uncheckedKeysByFile":[],"unmatched":0,"updated":0,"didUpdate":false},"startTime":1789088910509,"success":true,"testResults":[{"assertionResults":[{"ancestorTitles":["TiO2 Malaysia shared Global Chrome contract"],"fullName":"TiO2 Malaysia shared Global Chrome contract resolves all four Manifest keys to exact, site-local SVG bytes","status":"passed","title":"resolves all four Manifest keys to exact, site-local SVG bytes","duration":5.846799999999973,"failureMessages":[],"meta":{},"tags":[]},{"ancestorTitles":["TiO2 Malaysia shared Global Chrome contract"],"fullName":"TiO2 Malaysia shared Global Chrome contract keeps navigation and all RFQ targets within the Malaysia route contract","status":"passed","title":"keeps navigation and all RFQ targets within the Malaysia route contract","duration":1.336400000000026,"failureMessages":[],"meta":{},"tags":[]},{"ancestorTitles":["TiO2 Malaysia shared Global Chrome contract"],"fullName":"TiO2 Malaysia shared Global Chrome contract expresses current navigation state without a visible CURRENT label","status":"passed","title":"expresses current navigation state without a visible CURRENT label","duration":1.4289999999999736,"failureMessages":[],"meta":{},"tags":[]},{"ancestorTitles":["TiO2 Malaysia shared Global Chrome contract"],"fullName":"TiO2 Malaysia shared Global Chrome contract is the only Header, Mobile Menu and Footer implementation consumed by Malaysia pages","status":"passed","title":"is the only Header, Mobile Menu and Footer implementation consumed by Malaysia pages","duration":2.0984000000000265,"failureMessages":[],"meta":{},"tags":[]},{"ancestorTitles":["TiO2 Malaysia shared Global Chrome contract"],"fullName":"TiO2 Malaysia shared Global Chrome contract prevents page CSS from styling any shared Chrome surface","status":"passed","title":"prevents page CSS from styling any shared Chrome surface","duration":1.9991999999999734,"failureMessages":[],"meta":{},"tags":[]},{"ancestorTitles":["TiO2 Malaysia shared Global Chrome contract"],"fullName":"TiO2 Malaysia shared Global Chrome contract resolves every implemented Malaysia page through the single site-local Chrome configuration","status":"passed","title":"resolves every implemented Malaysia page through the single site-local Chrome configuration","duration":1.455000000000041,"failureMessages":[],"meta":{},"tags":[]}],"startTime":1789088912544,"endTime":1789088912558.455,"status":"passed","message":"","name":"D:/16Wordpress_nextjs/.worktrees/home-001-app-align-gate8/tests/infrastructure/tio2-my-global-chrome-contract.test.ts"},{"assertionResults":[{"ancestorTitles":["HOME-001 immutable WordPress contract"],"fullName":"HOME-001 immutable WordPress contract exists as the sole scope-bound Malaysia Homepage payload","status":"passed","title":"exists as the sole scope-bound Malaysia Homepage payload","duration":1.838700000000017,"failureMessages":[],"meta":{},"tags":[]},{"ancestorTitles":["HOME-001 immutable WordPress contract"],"fullName":"HOME-001 immutable WordPress contract preserves the exact 6/5/2/1 product grouping with 14 unique IDs","status":"passed","title":"preserves the exact 6/5/2/1 product grouping with 14 unique IDs","duration":0.36660000000000537,"failureMessages":[],"meta":{},"tags":[]},{"ancestorTitles":["HOME-001 immutable WordPress contract"],"fullName":"HOME-001 immutable WordPress contract binds approved public destinations while preserving provisional mapping identities","status":"passed","title":"binds approved public destinations while preserving provisional mapping identities","duration":0.6281999999999925,"failureMessages":[],"meta":{},"tags":[]},{"ancestorTitles":["HOME-001 immutable WordPress contract"],"fullName":"HOME-001 immutable WordPress contract contains exactly the approved five-node and five-relation graph","status":"passed","title":"contains exactly the approved five-node and five-relation graph","duration":0.5799000000000092,"failureMessages":[],"meta":{},"tags":[]},{"ancestorTitles":["HOME-001 immutable WordPress contract"],"fullName":"HOME-001 immutable WordPress contract exposes only a hidden, byte-validated GraphQL contract for tio2-my","status":"passed","title":"exposes only a hidden, byte-validated GraphQL contract for tio2-my","duration":0.37069999999999936,"failureMessages":[],"meta":{},"tags":[]},{"ancestorTitles":["HOME-001 immutable WordPress contract"],"fullName":"HOME-001 immutable WordPress contract provides an idempotent local seed for only tio2-my--homepage","status":"passed","title":"provides an idempotent local seed for only tio2-my--homepage","duration":0.24389999999999645,"failureMessages":[],"meta":{},"tags":[]}],"startTime":1789088912966,"endTime":1789088912969.3706,"status":"passed","message":"","name":"D:/16Wordpress_nextjs/.worktrees/home-001-app-align-gate8/tests/infrastructure/tio2-my-homepage-contract.test.ts"},{"assertionResults":[{"ancestorTitles":["getHomepage"],"fullName":"getHomepage dispatches Malaysia to one exact scope-bound v0.4 query","status":"passed","title":"dispatches Malaysia to one exact scope-bound v0.4 query","duration":21.048300000000154,"failureMessages":[],"meta":{},"tags":[]},{"ancestorTitles":["getHomepage"],"fullName":"getHomepage attaches only Malaysia cache tags to the v0.4 request","status":"passed","title":"attaches only Malaysia cache tags to the v0.4 request","duration":2.6940000000001874,"failureMessages":[],"meta":{},"tags":[]},{"ancestorTitles":["getHomepage"],"fullName":"getHomepage dispatches Site A to the deterministic brand v0.3 document","status":"passed","title":"dispatches Site A to the deterministic brand v0.3 document","duration":4.42489999999998,"failureMessages":[],"meta":{},"tags":[]},{"ancestorTitles":["getHomepage"],"fullName":"getHomepage keeps Site B on the frozen legacy v0.1 query and inventory policy","status":"passed","title":"keeps Site B on the frozen legacy v0.1 query and inventory policy","duration":4.880799999999908,"failureMessages":[],"meta":{},"tags":[]},{"ancestorTitles":["getHomepage"],"fullName":"getHomepage attaches the exact owning-site tags before a response exists","status":"passed","title":"attaches the exact owning-site tags before a response exists","duration":1.8705999999999676,"failureMessages":[],"meta":{},"tags":[]},{"ancestorTitles":["getHomepage"],"fullName":"getHomepage returns null when the site-owned homepage does not exist","status":"passed","title":"returns null when the site-owned homepage does not exist","duration":1.3023000000000593,"failureMessages":[],"meta":{},"tags":[]},{"ancestorTitles":["getHomepage"],"fullName":"getHomepage preserves legacy controlled-select validation for Site B","status":"passed","title":"preserves legacy controlled-select validation for Site B","duration":1.7560000000000855,"failureMessages":[],"meta":{},"tags":[]},{"ancestorTitles":["getHomepage"],"fullName":"getHomepage preserves typed GraphQL, HTTP, and timeout failures","status":"passed","title":"preserves typed GraphQL, HTTP, and timeout failures","duration":35.76440000000002,"failureMessages":[],"meta":{},"tags":[]},{"ancestorTitles":["getHomepage"],"fullName":"getHomepage rejects Site A scope, version, and publication violations without fallback","status":"passed","title":"rejects Site A scope, version, and publication violations without fallback","duration":4.703999999999951,"failureMessages":[],"meta":{},"tags":[]}],"startTime":1789088912290,"endTime":1789088912368.704,"status":"passed","message":"","name":"D:/16Wordpress_nextjs/.worktrees/home-001-app-align-gate8/tests/integration/homepage/queries.test.ts"},{"assertionResults":[{"ancestorTitles":["homepage root route"],"fullName":"homepage root route uses the formal published lookup and renders one Site A editorial main","status":"passed","title":"uses the formal published lookup and renders one Site A editorial main","duration":726.4227,"failureMessages":[],"meta":{},"tags":[]},{"ancestorTitles":["homepage root route"],"fullName":"homepage root route uses only the exact scoped homepage preview for the root path","status":"passed","title":"uses only the exact scoped homepage preview for the root path","duration":9.759599999999864,"failureMessages":[],"meta":{},"tags":[]},{"ancestorTitles":["homepage root route"],"fullName":"homepage root route returns not-found for a missing homepage without falling back to the old root Page","status":"passed","title":"returns not-found for a missing homepage without falling back to the old root Page","duration":6.299800000000005,"failureMessages":[],"meta":{},"tags":[]},{"ancestorTitles":["homepage root route"],"fullName":"homepage root route keeps Site A and Site B homepage content isolated","status":"passed","title":"keeps Site A and Site B homepage content isolated","duration":17.44380000000001,"failureMessages":[],"meta":{},"tags":[]},{"ancestorTitles":["homepage root route"],"fullName":"homepage root route renders the Malaysia homepage without reading a preview cookie","status":"passed","title":"renders the Malaysia homepage without reading a preview cookie","duration":28.847300000000132,"failureMessages":[],"meta":{},"tags":[]}],"startTime":1789088911240,"endTime":1789088912028.8474,"status":"passed","message":"","name":"D:/16Wordpress_nextjs/.worktrees/home-001-app-align-gate8/tests/integration/homepage/route.test.tsx"},{"assertionResults":[{"ancestorTitles":["homepage SEO route integration"],"fullName":"homepage SEO route integration emits one scope-local canonical equivalent to the approved Malaysia root URL","status":"passed","title":"emits one scope-local canonical equivalent to the approved Malaysia root URL","duration":720.8543999999999,"failureMessages":[],"meta":{},"tags":[]},{"ancestorTitles":["homepage SEO route integration"],"fullName":"homepage SEO route integration keeps tio2-a canonical and structured data site-local","status":"passed","title":"keeps tio2-a canonical and structured data site-local","duration":20.83179999999993,"failureMessages":[],"meta":{},"tags":[]},{"ancestorTitles":["homepage SEO route integration"],"fullName":"homepage SEO route integration keeps tio2-b canonical and structured data site-local","status":"passed","title":"keeps tio2-b canonical and structured data site-local","duration":14.034900000000107,"failureMessages":[],"meta":{},"tags":[]},{"ancestorTitles":["homepage SEO route integration"],"fullName":"homepage SEO route integration always disables indexing for the scoped homepage preview","status":"passed","title":"always disables indexing for the scoped homepage preview","duration":9.53189999999995,"failureMessages":[],"meta":{},"tags":[]}],"startTime":1789088911240,"endTime":1789088912005.532,"status":"passed","message":"","name":"D:/16Wordpress_nextjs/.worktrees/home-001-app-align-gate8/tests/integration/homepage/seo.test.tsx"},{"assertionResults":[{"ancestorTitles":["homepage JSON-LD"],"fullName":"homepage JSON-LD emits the approved Malaysia five-node graph without inferred fields","status":"passed","title":"emits the approved Malaysia five-node graph without inferred fields","duration":9.3827,"failureMessages":[],"meta":{},"tags":[]},{"ancestorTitles":["homepage JSON-LD"],"fullName":"homepage JSON-LD emits only base schema for the Site A v0.2 visible content","status":"passed","title":"emits only base schema for the Site A v0.2 visible content","duration":1.7018999999999664,"failureMessages":[],"meta":{},"tags":[]},{"ancestorTitles":["homepage JSON-LD"],"fullName":"homepage JSON-LD emits only Organization, WebSite, WebPage, and visible-content-equal FAQPage for Site B v0.1","status":"passed","title":"emits only Organization, WebSite, WebPage, and visible-content-equal FAQPage for Site B v0.1","duration":2.1336000000000013,"failureMessages":[],"meta":{},"tags":[]},{"ancestorTitles":["homepage JSON-LD"],"fullName":"homepage JSON-LD omits FAQPage for invalid visible FAQ content: empty items","status":"passed","title":"omits FAQPage for invalid visible FAQ content: empty items","duration":0.5627000000000066,"failureMessages":[],"meta":{},"tags":[]},{"ancestorTitles":["homepage JSON-LD"],"fullName":"homepage JSON-LD omits FAQPage for invalid visible FAQ content: duplicate questions","status":"passed","title":"omits FAQPage for invalid visible FAQ content: duplicate questions","duration":0.29710000000000036,"failureMessages":[],"meta":{},"tags":[]},{"ancestorTitles":["homepage JSON-LD"],"fullName":"homepage JSON-LD omits FAQPage for invalid visible FAQ content: empty answer","status":"passed","title":"omits FAQPage for invalid visible FAQ content: empty answer","duration":0.24850000000003547,"failureMessages":[],"meta":{},"tags":[]},{"ancestorTitles":["homepage JSON-LD"],"fullName":"homepage JSON-LD serializes script-breaking text and Unicode separators safely","status":"passed","title":"serializes script-breaking text and Unicode separators safely","duration":0.21059999999999945,"failureMessages":[],"meta":{},"tags":[]}],"startTime":1789088912885,"endTime":1789088912900.2107,"status":"passed","message":"","name":"D:/16Wordpress_nextjs/.worktrees/home-001-app-align-gate8/tests/unit/homepage/jsonld.test.ts"},{"assertionResults":[{"ancestorTitles":["Malaysia Homepage DTO"],"fullName":"Malaysia Homepage DTO accepts only the exact approved contract and scope","status":"passed","title":"accepts only the exact approved contract and scope","duration":4.639499999999998,"failureMessages":[],"meta":{},"tags":[]},{"ancestorTitles":["Malaysia Homepage DTO"],"fullName":"Malaysia Homepage DTO rejects foreign scope without retry or fallback","status":"passed","title":"rejects foreign scope without retry or fallback","duration":0.41679999999996653,"failureMessages":[],"meta":{},"tags":[]},{"ancestorTitles":["Malaysia Homepage DTO"],"fullName":"Malaysia Homepage DTO rejects any payload mutation, malformed JSON, and draft publication","status":"passed","title":"rejects any payload mutation, malformed JSON, and draft publication","duration":0.6138000000000261,"failureMessages":[],"meta":{},"tags":[]}],"startTime":1789088913096,"endTime":1789088913102.6138,"status":"passed","message":"","name":"D:/16Wordpress_nextjs/.worktrees/home-001-app-align-gate8/tests/unit/homepage/malaysia-dto.test.ts"},{"assertionResults":[{"ancestorTitles":["Malaysia Homepage accessible palette"],"fullName":"Malaysia Homepage accessible palette keeps dark teal text and white-on-teal CTAs at WCAG AA contrast","status":"passed","title":"keeps dark teal text and white-on-teal CTAs at WCAG AA contrast","duration":1.1838999999999942,"failureMessages":[],"meta":{},"tags":[]},{"ancestorTitles":["Malaysia Homepage accessible palette"],"fullName":"Malaysia Homepage accessible palette uses the approved bright teal only with the deep-navy RFQ pairing","status":"passed","title":"uses the approved bright teal only with the deep-navy RFQ pairing","duration":0.3953999999999951,"failureMessages":[],"meta":{},"tags":[]},{"ancestorTitles":["Malaysia Homepage accessible palette"],"fullName":"Malaysia Homepage accessible palette uses the approved darker body color whenever copy sits on the soft surface","status":"passed","title":"uses the approved darker body color whenever copy sits on the soft surface","duration":0.2503000000000384,"failureMessages":[],"meta":{},"tags":[]}],"startTime":1789088913321,"endTime":1789088913322.3955,"status":"passed","message":"","name":"D:/16Wordpress_nextjs/.worktrees/home-001-app-align-gate8/tests/unit/homepage/malaysia-styles.test.ts"},{"assertionResults":[{"ancestorTitles":["MalaysiaHomepage"],"fullName":"MalaysiaHomepage keeps Home current without rendering a visible CURRENT label","status":"passed","title":"keeps Home current without rendering a visible CURRENT label","duration":50.16240000000016,"failureMessages":[],"meta":{},"tags":[]},{"ancestorTitles":["MalaysiaHomepage"],"fullName":"MalaysiaHomepage renders the approved module order, single H1, and full product inventory","status":"passed","title":"renders the approved module order, single H1, and full product inventory","duration":86.27340000000004,"failureMessages":[],"meta":{},"tags":[]},{"ancestorTitles":["MalaysiaHomepage"],"fullName":"MalaysiaHomepage keeps the exact approved Home body href inventory in module order","status":"passed","title":"keeps the exact approved Home body href inventory in module order","duration":17.76800000000003,"failureMessages":[],"meta":{},"tags":[]},{"ancestorTitles":["MalaysiaHomepage"],"fullName":"MalaysiaHomepage renders four independently expandable product groups with approved counts","status":"passed","title":"renders four independently expandable product groups with approved counts","duration":15.135200000000168,"failureMessages":[],"meta":{},"tags":[]},{"ancestorTitles":["MalaysiaHomepage"],"fullName":"MalaysiaHomepage server-renders mobile product groups collapsed before hydration","status":"passed","title":"server-renders mobile product groups collapsed before hydration","duration":5.778299999999945,"failureMessages":[],"meta":{},"tags":[]},{"ancestorTitles":["MalaysiaHomepage"],"fullName":"MalaysiaHomepage renders the six approved prerelease Home actions as native links","status":"passed","title":"renders the six approved prerelease Home actions as native links","duration":106.09260000000017,"failureMessages":[],"meta":{},"tags":[]},{"ancestorTitles":["MalaysiaHomepage"],"fullName":"MalaysiaHomepage keeps shared Chrome attribution private while retaining page-owned RFQ context","status":"passed","title":"keeps shared Chrome attribution private while retaining page-owned RFQ context","duration":20.1862000000001,"failureMessages":[],"meta":{},"tags":[]}],"startTime":1789088912394,"endTime":1789088912695.1863,"status":"passed","message":"","name":"D:/16Wordpress_nextjs/.worktrees/home-001-app-align-gate8/tests/unit/homepage/malaysia-template.test.tsx"},{"assertionResults":[{"ancestorTitles":["HOME-001 Applications-aligned visual contract"],"fullName":"HOME-001 Applications-aligned visual contract uses the approved body palette, shell, radius, and restrained shadow tokens","status":"passed","title":"uses the approved body palette, shell, radius, and restrained shadow tokens","duration":1.8292000000000144,"failureMessages":[],"meta":{},"tags":[]},{"ancestorTitles":["HOME-001 Applications-aligned visual contract"],"fullName":"HOME-001 Applications-aligned visual contract keeps the Hero powder image visible in a bounded card at every accepted width","status":"passed","title":"keeps the Hero powder image visible in a bounded card at every accepted width","duration":0.7472999999999956,"failureMessages":[],"meta":{},"tags":[]},{"ancestorTitles":["HOME-001 Applications-aligned visual contract"],"fullName":"HOME-001 Applications-aligned visual contract does not render the retired green Hero edge decoration","status":"passed","title":"does not render the retired green Hero edge decoration","duration":0.2045999999999708,"failureMessages":[],"meta":{},"tags":[]},{"ancestorTitles":["HOME-001 Applications-aligned visual contract"],"fullName":"HOME-001 Applications-aligned visual contract exposes stable card families while keeping shared Chrome as the only page Chrome","status":"passed","title":"exposes stable card families while keeping shared Chrome as the only page Chrome","duration":1.3045999999999935,"failureMessages":[],"meta":{},"tags":[]},{"ancestorTitles":["HOME-001 Applications-aligned visual contract"],"fullName":"HOME-001 Applications-aligned visual contract uses the approved desktop, tablet, and mobile compositions","status":"passed","title":"uses the approved desktop, tablet, and mobile compositions","duration":0.3539000000000101,"failureMessages":[],"meta":{},"tags":[]},{"ancestorTitles":["HOME-001 Applications-aligned visual contract"],"fullName":"HOME-001 Applications-aligned visual contract keeps Documents light and reserves the only dark Home body surface for page RFQ","status":"passed","title":"keeps Documents light and reserves the only dark Home body surface for page RFQ","duration":0.4397999999999911,"failureMessages":[],"meta":{},"tags":[]}],"startTime":1789088913137,"endTime":1789088913142.4397,"status":"passed","message":"","name":"D:/16Wordpress_nextjs/.worktrees/home-001-app-align-gate8/tests/unit/homepage/malaysia-visual-unification.test.ts"},{"assertionResults":[{"ancestorTitles":["buildHomepageMetadata"],"fullName":"buildHomepageMetadata maps the approved Malaysia metadata exactly in production","status":"passed","title":"maps the approved Malaysia metadata exactly in production","duration":13.349999999999909,"failureMessages":[],"meta":{},"tags":[]},{"ancestorTitles":["buildHomepageMetadata"],"fullName":"buildHomepageMetadata keeps Site A v0.2 canonical and locally noindex without metadata keywords","status":"passed","title":"keeps Site A v0.2 canonical and locally noindex without metadata keywords","duration":2.613299999999981,"failureMessages":[],"meta":{},"tags":[]},{"ancestorTitles":["buildHomepageMetadata"],"fullName":"buildHomepageMetadata uses the fixed current-site root canonical for tio2-a","status":"passed","title":"uses the fixed current-site root canonical for tio2-a","duration":1.774499999999989,"failureMessages":[],"meta":{},"tags":[]},{"ancestorTitles":["buildHomepageMetadata"],"fullName":"buildHomepageMetadata uses the fixed current-site root canonical for tio2-b","status":"passed","title":"uses the fixed current-site root canonical for tio2-b","duration":0.3973999999999478,"failureMessages":[],"meta":{},"tags":[]},{"ancestorTitles":["buildHomepageMetadata"],"fullName":"buildHomepageMetadata maps normalized title, description, and an exact-origin HTTPS OG image without keywords","status":"passed","title":"maps normalized title, description, and an exact-origin HTTPS OG image without keywords","duration":0.5599999999999454,"failureMessages":[],"meta":{},"tags":[]},{"ancestorTitles":["buildHomepageMetadata"],"fullName":"buildHomepageMetadata allows an HTTPS OG image only on the exact current tio2-a origin","status":"passed","title":"allows an HTTPS OG image only on the exact current tio2-a origin","duration":0.34169999999994616,"failureMessages":[],"meta":{},"tags":[]},{"ancestorTitles":["buildHomepageMetadata"],"fullName":"buildHomepageMetadata allows an HTTPS OG image only on the exact current tio2-b origin","status":"passed","title":"allows an HTTPS OG image only on the exact current tio2-b origin","duration":0.23210000000005948,"failureMessages":[],"meta":{},"tags":[]},{"ancestorTitles":["buildHomepageMetadata"],"fullName":"buildHomepageMetadata omits an unapproved tio2-a OG image source http://tio2products.com/homepage.webp","status":"passed","title":"omits an unapproved tio2-a OG image source http://tio2products.com/homepage.webp","duration":0.27940000000000964,"failureMessages":[],"meta":{},"tags":[]},{"ancestorTitles":["buildHomepageMetadata"],"fullName":"buildHomepageMetadata omits an unapproved tio2-a OG image source https://localhost/homepage.webp","status":"passed","title":"omits an unapproved tio2-a OG image source https://localhost/homepage.webp","duration":0.26499999999998636,"failureMessages":[],"meta":{},"tags":[]},{"ancestorTitles":["buildHomepageMetadata"],"fullName":"buildHomepageMetadata omits an unapproved tio2-a OG image source https://tio2hub.com/homepage.webp","status":"passed","title":"omits an unapproved tio2-a OG image source https://tio2hub.com/homepage.webp","duration":0.46059999999999945,"failureMessages":[],"meta":{},"tags":[]},{"ancestorTitles":["buildHomepageMetadata"],"fullName":"buildHomepageMetadata omits an unapproved tio2-a OG image source https://media.tio2products.com/homepage.webp","status":"passed","title":"omits an unapproved tio2-a OG image source https://media.tio2products.com/homepage.webp","duration":0.2980999999999767,"failureMessages":[],"meta":{},"tags":[]},{"ancestorTitles":["buildHomepageMetadata"],"fullName":"buildHomepageMetadata omits an unapproved tio2-a OG image source https://cdn.example.com/homepage.webp","status":"passed","title":"omits an unapproved tio2-a OG image source https://cdn.example.com/homepage.webp","duration":0.34199999999998454,"failureMessages":[],"meta":{},"tags":[]},{"ancestorTitles":["buildHomepageMetadata"],"fullName":"buildHomepageMetadata omits an unapproved tio2-b OG image source https://tio2products.com/homepage.webp","status":"passed","title":"omits an unapproved tio2-b OG image source https://tio2products.com/homepage.webp","duration":0.19139999999993051,"failureMessages":[],"meta":{},"tags":[]},{"ancestorTitles":["buildHomepageMetadata"],"fullName":"buildHomepageMetadata uses a safe image-free fallback when no OG image is present","status":"passed","title":"uses a safe image-free fallback when no OG image is present","duration":0.2480000000000473,"failureMessages":[],"meta":{},"tags":[]},{"ancestorTitles":["buildHomepageMetadata"],"fullName":"buildHomepageMetadata keeps local, preview, and unpublished homepage output noindex,nofollow","status":"passed","title":"keeps local, preview, and unpublished homepage output noindex,nofollow","duration":0.46460000000001855,"failureMessages":[],"meta":{},"tags":[]}],"startTime":1789088912610,"endTime":1789088912631.4646,"status":"passed","message":"","name":"D:/16Wordpress_nextjs/.worktrees/home-001-app-align-gate8/tests/unit/homepage/metadata.test.ts"}]}