{"numTotalTestSuites":17,"numPassedTestSuites":17,"numFailedTestSuites":0,"numPendingTestSuites":0,"numTotalTests":35,"numPassedTests":35,"numFailedTests":0,"numPendingTests":0,"numTodoTests":0,"snapshot":{"added":0,"failure":false,"filesAdded":0,"filesRemoved":0,"filesRemovedList":[],"filesUnmatched":0,"filesUpdated":0,"matched":0,"total":0,"unchecked":0,"uncheckedKeysByFile":[],"unmatched":0,"updated":0,"didUpdate":false},"startTime":1788837277627,"success":true,"testResults":[{"assertionResults":[{"ancestorTitles":[],"fullName":"enforces explicit Chloride Process Grade tuples in PHP","status":"passed","title":"enforces explicit Chloride Process Grade tuples in PHP","duration":1196.8547,"failureMessages":[],"meta":{},"tags":[]},{"ancestorTitles":[],"fullName":"registers the singleton GraphQL owner","status":"passed","title":"registers the singleton GraphQL owner","duration":13.218400000000202,"failureMessages":[],"meta":{},"tags":[]}],"startTime":1788837278590,"endTime":1788837279800.2185,"status":"passed","message":"","name":"D:/16Wordpress_nextjs/tests/infrastructure/tio2-my-chloride-process-wordpress.test.ts"},{"assertionResults":[{"ancestorTitles":["PRODUCT-PROC-CL JSON-LD"],"fullName":"PRODUCT-PROC-CL JSON-LD emits one WebPage, one three-item breadcrumb and one unordered eight-item list","status":"passed","title":"emits one WebPage, one three-item breadcrumb and one unordered eight-item list","duration":14.78729999999996,"failureMessages":[],"meta":{},"tags":[]},{"ancestorTitles":["PRODUCT-PROC-CL JSON-LD"],"fullName":"PRODUCT-PROC-CL JSON-LD does not emit prohibited commercial, FAQ, product or hidden relationship types","status":"passed","title":"does not emit prohibited commercial, FAQ, product or hidden relationship types","duration":1.8718999999999824,"failureMessages":[],"meta":{},"tags":[]}],"startTime":1788837284970,"endTime":1788837284986.8718,"status":"passed","message":"","name":"D:/16Wordpress_nextjs/tests/unit/products/malaysia-product-process-chloride-jsonld.test.ts"},{"assertionResults":[{"ancestorTitles":["PRODUCT-PROC-CL metadata"],"fullName":"PRODUCT-PROC-CL metadata emits exact locked metadata and keeps the current page non-indexable","status":"passed","title":"emits exact locked metadata and keeps the current page non-indexable","duration":11.044899999999984,"failureMessages":[],"meta":{},"tags":[]},{"ancestorTitles":["PRODUCT-PROC-CL metadata"],"fullName":"PRODUCT-PROC-CL metadata rejects a foreign site binding","status":"passed","title":"rejects a foreign site binding","duration":1.6313000000000102,"failureMessages":[],"meta":{},"tags":[]}],"startTime":1788837284313,"endTime":1788837284325.6313,"status":"passed","message":"","name":"D:/16Wordpress_nextjs/tests/unit/products/malaysia-product-process-chloride-metadata.test.ts"},{"assertionResults":[{"ancestorTitles":["PRODUCT-PROC-CL scoped route identity"],"fullName":"PRODUCT-PROC-CL scoped route identity resolves only the exact Malaysia site, WordPress scope and route","status":"passed","title":"resolves only the exact Malaysia site, WordPress scope and route","duration":1.5252000000000407,"failureMessages":[],"meta":{},"tags":[]},{"ancestorTitles":["PRODUCT-PROC-CL scoped route identity"],"fullName":"PRODUCT-PROC-CL scoped route identity does not call WordPress for a foreign scope","status":"passed","title":"does not call WordPress for a foreign scope","duration":0.28100000000006276,"failureMessages":[],"meta":{},"tags":[]}],"startTime":1788837286400,"endTime":1788837286402.281,"status":"passed","message":"","name":"D:/16Wordpress_nextjs/tests/unit/products/malaysia-product-process-chloride-routing.test.ts"},{"assertionResults":[{"ancestorTitles":["PRODUCT-PROC-CL template"],"fullName":"PRODUCT-PROC-CL template renders the five approved modules and exact eight-Grade directory in order","status":"passed","title":"renders the five approved modules and exact eight-Grade directory in order","duration":21.82350000000008,"failureMessages":[],"meta":{},"tags":[]},{"ancestorTitles":["PRODUCT-PROC-CL template"],"fullName":"PRODUCT-PROC-CL template keeps source-only conversion attribution and native fragment semantics","status":"passed","title":"keeps source-only conversion attribution and native fragment semantics","duration":6.241499999999974,"failureMessages":[],"meta":{},"tags":[]},{"ancestorTitles":["PRODUCT-PROC-CL template"],"fullName":"PRODUCT-PROC-CL template does not invent page-owned forms, images, FAQs, tables or dynamic states","status":"passed","title":"does not invent page-owned forms, images, FAQs, tables or dynamic states","duration":4.047300000000064,"failureMessages":[],"meta":{},"tags":[]}],"startTime":1788837280763,"endTime":1788837280795.0474,"status":"passed","message":"","name":"D:/16Wordpress_nextjs/tests/unit/products/malaysia-product-process-chloride-template.test.tsx"},{"assertionResults":[{"ancestorTitles":["Chloride Process CMS contract"],"fullName":"Chloride Process CMS contract preserves the page identity and all five explicit Grade relation attributes","status":"passed","title":"preserves the page identity and all five explicit Grade relation attributes","duration":9.65949999999998,"failureMessages":[],"meta":{},"tags":[]},{"ancestorTitles":["Chloride Process CMS contract"],"fullName":"Chloride Process CMS contract normalizes transport order only from complete valid explicit positions","status":"passed","title":"normalizes transport order only from complete valid explicit positions","duration":1.1374000000000706,"failureMessages":[],"meta":{},"tags":[]},{"ancestorTitles":["Chloride Process CMS contract"],"fullName":"Chloride Process CMS contract rejects missing tuple","status":"passed","title":"rejects missing tuple","duration":1.1480999999999995,"failureMessages":[],"meta":{},"tags":[]},{"ancestorTitles":["Chloride Process CMS contract"],"fullName":"Chloride Process CMS contract rejects duplicate tuple","status":"passed","title":"rejects duplicate tuple","duration":0.5032999999999674,"failureMessages":[],"meta":{},"tags":[]},{"ancestorTitles":["Chloride Process CMS contract"],"fullName":"Chloride Process CMS contract rejects unknown Page ID","status":"passed","title":"rejects unknown Page ID","duration":0.7369999999999663,"failureMessages":[],"meta":{},"tags":[]},{"ancestorTitles":["Chloride Process CMS contract"],"fullName":"Chloride Process CMS contract rejects Page ID/model mismatch","status":"passed","title":"rejects Page ID/model mismatch","duration":0.4455000000000382,"failureMessages":[],"meta":{},"tags":[]},{"ancestorTitles":["Chloride Process CMS contract"],"fullName":"Chloride Process CMS contract rejects Page ID/URL mismatch","status":"passed","title":"rejects Page ID/URL mismatch","duration":0.40210000000001855,"failureMessages":[],"meta":{},"tags":[]},{"ancestorTitles":["Chloride Process CMS contract"],"fullName":"Chloride Process CMS contract rejects summary mismatch","status":"passed","title":"rejects summary mismatch","duration":0.35570000000006985,"failureMessages":[],"meta":{},"tags":[]},{"ancestorTitles":["Chloride Process CMS contract"],"fullName":"Chloride Process CMS contract rejects position mismatch","status":"passed","title":"rejects position mismatch","duration":0.5027999999999793,"failureMessages":[],"meta":{},"tags":[]},{"ancestorTitles":["Chloride Process CMS contract"],"fullName":"Chloride Process CMS contract rejects foreign/ambiguous scope, non-published status, wrong path and invalid payload","status":"passed","title":"rejects foreign/ambiguous scope, non-published status, wrong path and invalid payload","duration":2.0253999999999905,"failureMessages":[],"meta":{},"tags":[]},{"ancestorTitles":["Chloride Process receiver context is source-only"],"fullName":"Chloride Process receiver context is source-only opens RFQ without Grade, Application, quantity or destination prefill","status":"passed","title":"opens RFQ without Grade, Application, quantity or destination prefill","duration":0.3326999999999316,"failureMessages":[],"meta":{},"tags":[]},{"ancestorTitles":["Chloride Process receiver context is source-only"],"fullName":"Chloride Process receiver context is source-only opens Request Documents without visible prefill","status":"passed","title":"opens Request Documents without visible prefill","duration":0.3088999999999942,"failureMessages":[],"meta":{},"tags":[]}],"startTime":1788837281464,"endTime":1788837281482.3328,"status":"passed","message":"","name":"D:/16Wordpress_nextjs/tests/unit/products/malaysia-product-process-chloride.test.ts"},{"assertionResults":[{"ancestorTitles":["CONV-RFQ prefill"],"fullName":"CONV-RFQ prefill accepts only the RES-ORIGIN source and generic interest handoff","status":"passed","title":"accepts only the RES-ORIGIN source and generic interest handoff","duration":1.9773999999999887,"failureMessages":[],"meta":{},"tags":[]},{"ancestorTitles":["CONV-RFQ prefill"],"fullName":"CONV-RFQ prefill accepts the MARKET-EU-001 approved public aliases as visible editable context","status":"passed","title":"accepts the MARKET-EU-001 approved public aliases as visible editable context","duration":0.2481000000000222,"failureMessages":[],"meta":{},"tags":[]},{"ancestorTitles":["CONV-RFQ prefill"],"fullName":"CONV-RFQ prefill projects approved explicit context into visible editable values","status":"passed","title":"projects approved explicit context into visible editable values","duration":0.47079999999994016,"failureMessages":[],"meta":{},"tags":[]},{"ancestorTitles":["CONV-RFQ prefill"],"fullName":"CONV-RFQ prefill discards invalid, broad-region and frozen PRODUCT context without leakage","status":"passed","title":"discards invalid, broad-region and frozen PRODUCT context without leakage","duration":0.2057999999999538,"failureMessages":[],"meta":{},"tags":[]},{"ancestorTitles":["CONV-RFQ buyer-edit history draft"],"fullName":"CONV-RFQ buyer-edit history draft keeps fresh Brazil URL prefill but lets the current history entry restore buyer-edited destination","status":"passed","title":"keeps fresh Brazil URL prefill but lets the current history entry restore buyer-edited destination","duration":0.5244999999999891,"failureMessages":[],"meta":{},"tags":[]},{"ancestorTitles":["CONV-RFQ buyer-edit history draft"],"fullName":"CONV-RFQ buyer-edit history draft does not store personal contact fields in history state","status":"passed","title":"does not store personal contact fields in history state","duration":0.1710000000000491,"failureMessages":[],"meta":{},"tags":[]},{"ancestorTitles":["CONV-RFQ buyer-edit history draft"],"fullName":"CONV-RFQ buyer-edit history draft preserves an intentional empty value when the buyer clears a URL prefill","status":"passed","title":"preserves an intentional empty value when the buyer clears a URL prefill","duration":0.2098999999999478,"failureMessages":[],"meta":{},"tags":[]}],"startTime":1788837285623,"endTime":1788837285627.21,"status":"passed","message":"","name":"D:/16Wordpress_nextjs/tests/unit/rfq/malaysia-rfq-prefill.test.ts"},{"assertionResults":[{"ancestorTitles":[],"fullName":"requests only the scoped Chloride Process singleton with contract-compatible tags","status":"passed","title":"requests only the scoped Chloride Process singleton with contract-compatible tags","duration":13.79340000000002,"failureMessages":[],"meta":{},"tags":[]},{"ancestorTitles":[],"fullName":"never substitutes initial JSON when the CMS response is null","status":"passed","title":"never substitutes initial JSON when the CMS response is null","duration":1.7704000000001088,"failureMessages":[],"meta":{},"tags":[]},{"ancestorTitles":[],"fullName":"never substitutes initial JSON when the CMS response is { …(1) }","status":"passed","title":"never substitutes initial JSON when the CMS response is { …(1) }","duration":0.9399000000000797,"failureMessages":[],"meta":{},"tags":[]},{"ancestorTitles":[],"fullName":"never substitutes initial JSON when the CMS response is { …(1) }","status":"passed","title":"never substitutes initial JSON when the CMS response is { …(1) }","duration":0.6588999999999032,"failureMessages":[],"meta":{},"tags":[]}],"startTime":1788837283011,"endTime":1788837283028.659,"status":"passed","message":"","name":"D:/16Wordpress_nextjs/tests/integration/products/chloride-process-queries.test.ts"},{"assertionResults":[{"ancestorTitles":[],"fullName":"invalidates only the Chloride Process route and compatible content identity","status":"passed","title":"invalidates only the Chloride Process route and compatible content identity","duration":19.200099999999907,"failureMessages":[],"meta":{},"tags":[]}],"startTime":1788837283759,"endTime":1788837283778.2002,"status":"passed","message":"","name":"D:/16Wordpress_nextjs/tests/integration/products/chloride-process-revalidate.test.ts"}]}