{"numTotalTestSuites":22,"numPassedTestSuites":22,"numFailedTestSuites":0,"numPendingTestSuites":0,"numTotalTests":70,"numPassedTests":70,"numFailedTests":0,"numPendingTests":0,"numTodoTests":0,"snapshot":{"added":0,"failure":false,"filesAdded":0,"filesRemoved":0,"filesRemovedList":[],"filesUnmatched":0,"filesUpdated":0,"matched":0,"total":0,"unchecked":0,"uncheckedKeysByFile":[],"unmatched":0,"updated":0,"didUpdate":false},"startTime":1789086977731,"success":true,"testResults":[{"assertionResults":[{"ancestorTitles":["TiO2 Malaysia shared Global Chrome contract"],"fullName":"TiO2 Malaysia shared Global Chrome contract resolves all four Manifest keys to exact, site-local SVG bytes","status":"passed","title":"resolves all four Manifest keys to exact, site-local SVG bytes","duration":8.359200000000044,"failureMessages":[],"meta":{},"tags":[]},{"ancestorTitles":["TiO2 Malaysia shared Global Chrome contract"],"fullName":"TiO2 Malaysia shared Global Chrome contract keeps navigation and all RFQ targets within the Malaysia route contract","status":"passed","title":"keeps navigation and all RFQ targets within the Malaysia route contract","duration":1.0441000000000145,"failureMessages":[],"meta":{},"tags":[]},{"ancestorTitles":["TiO2 Malaysia shared Global Chrome contract"],"fullName":"TiO2 Malaysia shared Global Chrome contract expresses current navigation state without a visible CURRENT label","status":"passed","title":"expresses current navigation state without a visible CURRENT label","duration":2.3022000000000276,"failureMessages":[],"meta":{},"tags":[]},{"ancestorTitles":["TiO2 Malaysia shared Global Chrome contract"],"fullName":"TiO2 Malaysia shared Global Chrome contract is the only Header, Mobile Menu and Footer implementation consumed by Malaysia pages","status":"passed","title":"is the only Header, Mobile Menu and Footer implementation consumed by Malaysia pages","duration":4.343999999999994,"failureMessages":[],"meta":{},"tags":[]},{"ancestorTitles":["TiO2 Malaysia shared Global Chrome contract"],"fullName":"TiO2 Malaysia shared Global Chrome contract prevents page CSS from styling any shared Chrome surface","status":"passed","title":"prevents page CSS from styling any shared Chrome surface","duration":4.325400000000002,"failureMessages":[],"meta":{},"tags":[]},{"ancestorTitles":["TiO2 Malaysia shared Global Chrome contract"],"fullName":"TiO2 Malaysia shared Global Chrome contract resolves every implemented Malaysia page through the single site-local Chrome configuration","status":"passed","title":"resolves every implemented Malaysia page through the single site-local Chrome configuration","duration":4.207300000000032,"failureMessages":[],"meta":{},"tags":[]}],"startTime":1789086978290,"endTime":1789086978314.2073,"status":"passed","message":"","name":"D:/16Wordpress_nextjs/.worktrees/home-001-app-align-gate8/tests/infrastructure/tio2-my-global-chrome-contract.test.ts"},{"assertionResults":[{"ancestorTitles":["HOME-001 immutable WordPress contract"],"fullName":"HOME-001 immutable WordPress contract exists as the sole scope-bound Malaysia Homepage payload","status":"passed","title":"exists as the sole scope-bound Malaysia Homepage payload","duration":1.737199999999973,"failureMessages":[],"meta":{},"tags":[]},{"ancestorTitles":["HOME-001 immutable WordPress contract"],"fullName":"HOME-001 immutable WordPress contract preserves the exact 6/5/2/1 product grouping with 14 unique IDs","status":"passed","title":"preserves the exact 6/5/2/1 product grouping with 14 unique IDs","duration":0.327699999999993,"failureMessages":[],"meta":{},"tags":[]},{"ancestorTitles":["HOME-001 immutable WordPress contract"],"fullName":"HOME-001 immutable WordPress contract binds approved public destinations while preserving provisional mapping identities","status":"passed","title":"binds approved public destinations while preserving provisional mapping identities","duration":0.6288999999999874,"failureMessages":[],"meta":{},"tags":[]},{"ancestorTitles":["HOME-001 immutable WordPress contract"],"fullName":"HOME-001 immutable WordPress contract contains exactly the approved five-node and five-relation graph","status":"passed","title":"contains exactly the approved five-node and five-relation graph","duration":0.5824000000000069,"failureMessages":[],"meta":{},"tags":[]},{"ancestorTitles":["HOME-001 immutable WordPress contract"],"fullName":"HOME-001 immutable WordPress contract exposes only a hidden, byte-validated GraphQL contract for tio2-my","status":"passed","title":"exposes only a hidden, byte-validated GraphQL contract for tio2-my","duration":0.38630000000000564,"failureMessages":[],"meta":{},"tags":[]},{"ancestorTitles":["HOME-001 immutable WordPress contract"],"fullName":"HOME-001 immutable WordPress contract provides an idempotent local seed for only tio2-my--homepage","status":"passed","title":"provides an idempotent local seed for only tio2-my--homepage","duration":0.24139999999999873,"failureMessages":[],"meta":{},"tags":[]}],"startTime":1789086979903,"endTime":1789086979907.3862,"status":"passed","message":"","name":"D:/16Wordpress_nextjs/.worktrees/home-001-app-align-gate8/tests/infrastructure/tio2-my-homepage-contract.test.ts"},{"assertionResults":[{"ancestorTitles":["getHomepage"],"fullName":"getHomepage dispatches Malaysia to one exact scope-bound v0.4 query","status":"passed","title":"dispatches Malaysia to one exact scope-bound v0.4 query","duration":24.31780000000026,"failureMessages":[],"meta":{},"tags":[]},{"ancestorTitles":["getHomepage"],"fullName":"getHomepage attaches only Malaysia cache tags to the v0.4 request","status":"passed","title":"attaches only Malaysia cache tags to the v0.4 request","duration":2.3368000000000393,"failureMessages":[],"meta":{},"tags":[]},{"ancestorTitles":["getHomepage"],"fullName":"getHomepage dispatches Site A to the deterministic brand v0.3 document","status":"passed","title":"dispatches Site A to the deterministic brand v0.3 document","duration":8.572000000000116,"failureMessages":[],"meta":{},"tags":[]},{"ancestorTitles":["getHomepage"],"fullName":"getHomepage keeps Site B on the frozen legacy v0.1 query and inventory policy","status":"passed","title":"keeps Site B on the frozen legacy v0.1 query and inventory policy","duration":6.33389999999963,"failureMessages":[],"meta":{},"tags":[]},{"ancestorTitles":["getHomepage"],"fullName":"getHomepage attaches the exact owning-site tags before a response exists","status":"passed","title":"attaches the exact owning-site tags before a response exists","duration":2.0250999999998385,"failureMessages":[],"meta":{},"tags":[]},{"ancestorTitles":["getHomepage"],"fullName":"getHomepage returns null when the site-owned homepage does not exist","status":"passed","title":"returns null when the site-owned homepage does not exist","duration":3.301499999999578,"failureMessages":[],"meta":{},"tags":[]},{"ancestorTitles":["getHomepage"],"fullName":"getHomepage preserves legacy controlled-select validation for Site B","status":"passed","title":"preserves legacy controlled-select validation for Site B","duration":3.6285000000002583,"failureMessages":[],"meta":{},"tags":[]},{"ancestorTitles":["getHomepage"],"fullName":"getHomepage preserves typed GraphQL, HTTP, and timeout failures","status":"passed","title":"preserves typed GraphQL, HTTP, and timeout failures","duration":34.12339999999995,"failureMessages":[],"meta":{},"tags":[]},{"ancestorTitles":["getHomepage"],"fullName":"getHomepage rejects Site A scope, version, and publication violations without fallback","status":"passed","title":"rejects Site A scope, version, and publication violations without fallback","duration":6.043699999999717,"failureMessages":[],"meta":{},"tags":[]}],"startTime":1789086981005,"endTime":1789086981096.0437,"status":"passed","message":"","name":"D:/16Wordpress_nextjs/.worktrees/home-001-app-align-gate8/tests/integration/homepage/queries.test.ts"},{"assertionResults":[{"ancestorTitles":["homepage root route"],"fullName":"homepage root route uses the formal published lookup and renders one Site A editorial main","status":"passed","title":"uses the formal published lookup and renders one Site A editorial main","duration":1040.1816,"failureMessages":[],"meta":{},"tags":[]},{"ancestorTitles":["homepage root route"],"fullName":"homepage root route uses only the exact scoped homepage preview for the root path","status":"passed","title":"uses only the exact scoped homepage preview for the root path","duration":7.71510000000012,"failureMessages":[],"meta":{},"tags":[]},{"ancestorTitles":["homepage root route"],"fullName":"homepage root route returns not-found for a missing homepage without falling back to the old root Page","status":"passed","title":"returns not-found for a missing homepage without falling back to the old root Page","duration":5.4365999999999985,"failureMessages":[],"meta":{},"tags":[]},{"ancestorTitles":["homepage root route"],"fullName":"homepage root route keeps Site A and Site B homepage content isolated","status":"passed","title":"keeps Site A and Site B homepage content isolated","duration":11.633199999999988,"failureMessages":[],"meta":{},"tags":[]},{"ancestorTitles":["homepage root route"],"fullName":"homepage root route renders the Malaysia homepage without reading a preview cookie","status":"passed","title":"renders the Malaysia homepage without reading a preview cookie","duration":18.667399999999816,"failureMessages":[],"meta":{},"tags":[]}],"startTime":1789086978445,"endTime":1789086979528.6675,"status":"passed","message":"","name":"D:/16Wordpress_nextjs/.worktrees/home-001-app-align-gate8/tests/integration/homepage/route.test.tsx"},{"assertionResults":[{"ancestorTitles":["homepage SEO route integration"],"fullName":"homepage SEO route integration emits one scope-local canonical equivalent to the approved Malaysia root URL","status":"passed","title":"emits one scope-local canonical equivalent to the approved Malaysia root URL","duration":181.82460000000003,"failureMessages":[],"meta":{},"tags":[]},{"ancestorTitles":["homepage SEO route integration"],"fullName":"homepage SEO route integration keeps tio2-a canonical and structured data site-local","status":"passed","title":"keeps tio2-a canonical and structured data site-local","duration":12.736899999999991,"failureMessages":[],"meta":{},"tags":[]},{"ancestorTitles":["homepage SEO route integration"],"fullName":"homepage SEO route integration keeps tio2-b canonical and structured data site-local","status":"passed","title":"keeps tio2-b canonical and structured data site-local","duration":9.615499999999997,"failureMessages":[],"meta":{},"tags":[]},{"ancestorTitles":["homepage SEO route integration"],"fullName":"homepage SEO route integration always disables indexing for the scoped homepage preview","status":"passed","title":"always disables indexing for the scoped homepage preview","duration":5.6327,"failureMessages":[],"meta":{},"tags":[]}],"startTime":1789086979313,"endTime":1789086979523.6328,"status":"passed","message":"","name":"D:/16Wordpress_nextjs/.worktrees/home-001-app-align-gate8/tests/integration/homepage/seo.test.tsx"},{"assertionResults":[{"ancestorTitles":["homepage JSON-LD"],"fullName":"homepage JSON-LD emits the approved Malaysia five-node graph without inferred fields","status":"passed","title":"emits the approved Malaysia five-node graph without inferred fields","duration":7.890800000000013,"failureMessages":[],"meta":{},"tags":[]},{"ancestorTitles":["homepage JSON-LD"],"fullName":"homepage JSON-LD emits only base schema for the Site A v0.2 visible content","status":"passed","title":"emits only base schema for the Site A v0.2 visible content","duration":1.7095999999999663,"failureMessages":[],"meta":{},"tags":[]},{"ancestorTitles":["homepage JSON-LD"],"fullName":"homepage JSON-LD emits only Organization, WebSite, WebPage, and visible-content-equal FAQPage for Site B v0.1","status":"passed","title":"emits only Organization, WebSite, WebPage, and visible-content-equal FAQPage for Site B v0.1","duration":1.6160000000000423,"failureMessages":[],"meta":{},"tags":[]},{"ancestorTitles":["homepage JSON-LD"],"fullName":"homepage JSON-LD omits FAQPage for invalid visible FAQ content: empty items","status":"passed","title":"omits FAQPage for invalid visible FAQ content: empty items","duration":0.4087999999999852,"failureMessages":[],"meta":{},"tags":[]},{"ancestorTitles":["homepage JSON-LD"],"fullName":"homepage JSON-LD omits FAQPage for invalid visible FAQ content: duplicate questions","status":"passed","title":"omits FAQPage for invalid visible FAQ content: duplicate questions","duration":0.27530000000001564,"failureMessages":[],"meta":{},"tags":[]},{"ancestorTitles":["homepage JSON-LD"],"fullName":"homepage JSON-LD omits FAQPage for invalid visible FAQ content: empty answer","status":"passed","title":"omits FAQPage for invalid visible FAQ content: empty answer","duration":0.24029999999999063,"failureMessages":[],"meta":{},"tags":[]},{"ancestorTitles":["homepage JSON-LD"],"fullName":"homepage JSON-LD serializes script-breaking text and Unicode separators safely","status":"passed","title":"serializes script-breaking text and Unicode separators safely","duration":0.21959999999995716,"failureMessages":[],"meta":{},"tags":[]}],"startTime":1789086979960,"endTime":1789086979972.2754,"status":"passed","message":"","name":"D:/16Wordpress_nextjs/.worktrees/home-001-app-align-gate8/tests/unit/homepage/jsonld.test.ts"},{"assertionResults":[{"ancestorTitles":["Malaysia Homepage DTO"],"fullName":"Malaysia Homepage DTO accepts only the exact approved contract and scope","status":"passed","title":"accepts only the exact approved contract and scope","duration":3.2069999999999936,"failureMessages":[],"meta":{},"tags":[]},{"ancestorTitles":["Malaysia Homepage DTO"],"fullName":"Malaysia Homepage DTO rejects foreign scope without retry or fallback","status":"passed","title":"rejects foreign scope without retry or fallback","duration":0.33089999999998554,"failureMessages":[],"meta":{},"tags":[]},{"ancestorTitles":["Malaysia Homepage DTO"],"fullName":"Malaysia Homepage DTO rejects any payload mutation, malformed JSON, and draft publication","status":"passed","title":"rejects any payload mutation, malformed JSON, and draft publication","duration":0.5452999999999975,"failureMessages":[],"meta":{},"tags":[]}],"startTime":1789086980375,"endTime":1789086980378.5454,"status":"passed","message":"","name":"D:/16Wordpress_nextjs/.worktrees/home-001-app-align-gate8/tests/unit/homepage/malaysia-dto.test.ts"},{"assertionResults":[{"ancestorTitles":["Malaysia Homepage accessible palette"],"fullName":"Malaysia Homepage accessible palette keeps dark teal text and white-on-teal CTAs at WCAG AA contrast","status":"passed","title":"keeps dark teal text and white-on-teal CTAs at WCAG AA contrast","duration":1.1771999999999707,"failureMessages":[],"meta":{},"tags":[]},{"ancestorTitles":["Malaysia Homepage accessible palette"],"fullName":"Malaysia Homepage accessible palette uses the approved bright teal only with the deep-navy RFQ pairing","status":"passed","title":"uses the approved bright teal only with the deep-navy RFQ pairing","duration":0.40699999999998226,"failureMessages":[],"meta":{},"tags":[]},{"ancestorTitles":["Malaysia Homepage accessible palette"],"fullName":"Malaysia Homepage accessible palette uses the approved darker body color whenever copy sits on the soft surface","status":"passed","title":"uses the approved darker body color whenever copy sits on the soft surface","duration":0.271000000000015,"failureMessages":[],"meta":{},"tags":[]}],"startTime":1789086980621,"endTime":1789086980623.271,"status":"passed","message":"","name":"D:/16Wordpress_nextjs/.worktrees/home-001-app-align-gate8/tests/unit/homepage/malaysia-styles.test.ts"},{"assertionResults":[{"ancestorTitles":["MalaysiaHomepage"],"fullName":"MalaysiaHomepage keeps Home current without rendering a visible CURRENT label","status":"passed","title":"keeps Home current without rendering a visible CURRENT label","duration":44.886500000000524,"failureMessages":[],"meta":{},"tags":[]},{"ancestorTitles":["MalaysiaHomepage"],"fullName":"MalaysiaHomepage renders the approved module order, single H1, and full product inventory","status":"passed","title":"renders the approved module order, single H1, and full product inventory","duration":74.55819999999949,"failureMessages":[],"meta":{},"tags":[]},{"ancestorTitles":["MalaysiaHomepage"],"fullName":"MalaysiaHomepage keeps the exact approved Home body href inventory in module order","status":"passed","title":"keeps the exact approved Home body href inventory in module order","duration":16.26919999999882,"failureMessages":[],"meta":{},"tags":[]},{"ancestorTitles":["MalaysiaHomepage"],"fullName":"MalaysiaHomepage renders four independently expandable product groups with approved counts","status":"passed","title":"renders four independently expandable product groups with approved counts","duration":16.920599999999467,"failureMessages":[],"meta":{},"tags":[]},{"ancestorTitles":["MalaysiaHomepage"],"fullName":"MalaysiaHomepage server-renders mobile product groups collapsed before hydration","status":"passed","title":"server-renders mobile product groups collapsed before hydration","duration":3.7818000000006577,"failureMessages":[],"meta":{},"tags":[]},{"ancestorTitles":["MalaysiaHomepage"],"fullName":"MalaysiaHomepage renders the six approved prerelease Home actions as native links","status":"passed","title":"renders the six approved prerelease Home actions as native links","duration":61.83649999999943,"failureMessages":[],"meta":{},"tags":[]},{"ancestorTitles":["MalaysiaHomepage"],"fullName":"MalaysiaHomepage keeps shared Chrome attribution private while retaining page-owned RFQ context","status":"passed","title":"keeps shared Chrome attribution private while retaining page-owned RFQ context","duration":13.475500000000466,"failureMessages":[],"meta":{},"tags":[]}],"startTime":1789086991909,"endTime":1789086992140.4756,"status":"passed","message":"","name":"D:/16Wordpress_nextjs/.worktrees/home-001-app-align-gate8/tests/unit/homepage/malaysia-template.test.tsx"},{"assertionResults":[{"ancestorTitles":["HOME-001 Applications-aligned visual contract"],"fullName":"HOME-001 Applications-aligned visual contract uses the approved body palette, shell, radius, and restrained shadow tokens","status":"passed","title":"uses the approved body palette, shell, radius, and restrained shadow tokens","duration":1.126299999999958,"failureMessages":[],"meta":{},"tags":[]},{"ancestorTitles":["HOME-001 Applications-aligned visual contract"],"fullName":"HOME-001 Applications-aligned visual contract keeps the Hero powder image visible in a bounded card at every accepted width","status":"passed","title":"keeps the Hero powder image visible in a bounded card at every accepted width","duration":0.39999999999997726,"failureMessages":[],"meta":{},"tags":[]},{"ancestorTitles":["HOME-001 Applications-aligned visual contract"],"fullName":"HOME-001 Applications-aligned visual contract exposes stable card families while keeping shared Chrome as the only page Chrome","status":"passed","title":"exposes stable card families while keeping shared Chrome as the only page Chrome","duration":0.8272000000000048,"failureMessages":[],"meta":{},"tags":[]},{"ancestorTitles":["HOME-001 Applications-aligned visual contract"],"fullName":"HOME-001 Applications-aligned visual contract uses the approved desktop, tablet, and mobile compositions","status":"passed","title":"uses the approved desktop, tablet, and mobile compositions","duration":0.3091000000000008,"failureMessages":[],"meta":{},"tags":[]},{"ancestorTitles":["HOME-001 Applications-aligned visual contract"],"fullName":"HOME-001 Applications-aligned visual contract keeps Documents light and reserves the only dark Home body surface for page RFQ","status":"passed","title":"keeps Documents light and reserves the only dark Home body surface for page RFQ","duration":0.21249999999997726,"failureMessages":[],"meta":{},"tags":[]}],"startTime":1789086980271,"endTime":1789086980273.309,"status":"passed","message":"","name":"D:/16Wordpress_nextjs/.worktrees/home-001-app-align-gate8/tests/unit/homepage/malaysia-visual-unification.test.ts"},{"assertionResults":[{"ancestorTitles":["buildHomepageMetadata"],"fullName":"buildHomepageMetadata maps the approved Malaysia metadata exactly in production","status":"passed","title":"maps the approved Malaysia metadata exactly in production","duration":21.165499999999952,"failureMessages":[],"meta":{},"tags":[]},{"ancestorTitles":["buildHomepageMetadata"],"fullName":"buildHomepageMetadata keeps Site A v0.2 canonical and locally noindex without metadata keywords","status":"passed","title":"keeps Site A v0.2 canonical and locally noindex without metadata keywords","duration":1.7997000000000298,"failureMessages":[],"meta":{},"tags":[]},{"ancestorTitles":["buildHomepageMetadata"],"fullName":"buildHomepageMetadata uses the fixed current-site root canonical for tio2-a","status":"passed","title":"uses the fixed current-site root canonical for tio2-a","duration":1.1342999999999392,"failureMessages":[],"meta":{},"tags":[]},{"ancestorTitles":["buildHomepageMetadata"],"fullName":"buildHomepageMetadata uses the fixed current-site root canonical for tio2-b","status":"passed","title":"uses the fixed current-site root canonical for tio2-b","duration":0.306699999999978,"failureMessages":[],"meta":{},"tags":[]},{"ancestorTitles":["buildHomepageMetadata"],"fullName":"buildHomepageMetadata maps normalized title, description, and an exact-origin HTTPS OG image without keywords","status":"passed","title":"maps normalized title, description, and an exact-origin HTTPS OG image without keywords","duration":0.5003000000000384,"failureMessages":[],"meta":{},"tags":[]},{"ancestorTitles":["buildHomepageMetadata"],"fullName":"buildHomepageMetadata allows an HTTPS OG image only on the exact current tio2-a origin","status":"passed","title":"allows an HTTPS OG image only on the exact current tio2-a origin","duration":0.296799999999962,"failureMessages":[],"meta":{},"tags":[]},{"ancestorTitles":["buildHomepageMetadata"],"fullName":"buildHomepageMetadata allows an HTTPS OG image only on the exact current tio2-b origin","status":"passed","title":"allows an HTTPS OG image only on the exact current tio2-b origin","duration":0.21049999999991087,"failureMessages":[],"meta":{},"tags":[]},{"ancestorTitles":["buildHomepageMetadata"],"fullName":"buildHomepageMetadata omits an unapproved tio2-a OG image source http://tio2products.com/homepage.webp","status":"passed","title":"omits an unapproved tio2-a OG image source http://tio2products.com/homepage.webp","duration":0.24169999999992342,"failureMessages":[],"meta":{},"tags":[]},{"ancestorTitles":["buildHomepageMetadata"],"fullName":"buildHomepageMetadata omits an unapproved tio2-a OG image source https://localhost/homepage.webp","status":"passed","title":"omits an unapproved tio2-a OG image source https://localhost/homepage.webp","duration":0.22479999999995925,"failureMessages":[],"meta":{},"tags":[]},{"ancestorTitles":["buildHomepageMetadata"],"fullName":"buildHomepageMetadata omits an unapproved tio2-a OG image source https://tio2hub.com/homepage.webp","status":"passed","title":"omits an unapproved tio2-a OG image source https://tio2hub.com/homepage.webp","duration":0.2477999999999838,"failureMessages":[],"meta":{},"tags":[]},{"ancestorTitles":["buildHomepageMetadata"],"fullName":"buildHomepageMetadata omits an unapproved tio2-a OG image source https://media.tio2products.com/homepage.webp","status":"passed","title":"omits an unapproved tio2-a OG image source https://media.tio2products.com/homepage.webp","duration":0.23959999999999582,"failureMessages":[],"meta":{},"tags":[]},{"ancestorTitles":["buildHomepageMetadata"],"fullName":"buildHomepageMetadata omits an unapproved tio2-a OG image source https://cdn.example.com/homepage.webp","status":"passed","title":"omits an unapproved tio2-a OG image source https://cdn.example.com/homepage.webp","duration":0.213799999999992,"failureMessages":[],"meta":{},"tags":[]},{"ancestorTitles":["buildHomepageMetadata"],"fullName":"buildHomepageMetadata omits an unapproved tio2-b OG image source https://tio2products.com/homepage.webp","status":"passed","title":"omits an unapproved tio2-b OG image source https://tio2products.com/homepage.webp","duration":0.16440000000000055,"failureMessages":[],"meta":{},"tags":[]},{"ancestorTitles":["buildHomepageMetadata"],"fullName":"buildHomepageMetadata uses a safe image-free fallback when no OG image is present","status":"passed","title":"uses a safe image-free fallback when no OG image is present","duration":0.19479999999998654,"failureMessages":[],"meta":{},"tags":[]},{"ancestorTitles":["buildHomepageMetadata"],"fullName":"buildHomepageMetadata keeps local, preview, and unpublished homepage output noindex,nofollow","status":"passed","title":"keeps local, preview, and unpublished homepage output noindex,nofollow","duration":0.29360000000008313,"failureMessages":[],"meta":{},"tags":[]}],"startTime":1789086978454,"endTime":1789086978482.2937,"status":"passed","message":"","name":"D:/16Wordpress_nextjs/.worktrees/home-001-app-align-gate8/tests/unit/homepage/metadata.test.ts"}]}